Thread[Thread-1,5,main]4095
1946
2359
2445
2257
2344
2668
2264
2281
2307
2593
2470
2279
2310
2348
2331
2395
2409
2433
2274
2301
2407
2550
2389
2370
2402
2326
2361
2474
2383
2497
2439
2456
2328
2354
2458
2459
2359
2379
2288
2430
2374
2345
2457
2191
2276
2234
2263
2346
2414
2381
2353
2289
2247
2302
2369
2387
2416
2358
2278
2304
2443
2449
2285
2206
2399
2313
2225
2353
2414
2357
2358
2368
2237
2328
2318
2332
2347
2387
2399
2221
2409
2372
2227
2223
2388
2367
2392
2480
2384
2376
2252
2317
2254
2490
2441
2320
2327
2366
2214
2479
2269
2299
2206
2208
2505
2307
2368
2307
2273
2415
2325
2391
2503
2511
2409
2236
2237
2385
2405
2447
2476
2293
2262
2211
2296
2468
2369
2402
2316
